<?xml version="1.0" encoding="UTF-8"?>
<testng-results ignored="0" total="1" passed="1" failed="0" skipped="0">
  <reporter-output>
  </reporter-output>
  <suite started-at="2024-02-06T19:55:23 IST" name="Failed suite [Default suite]" finished-at="2024-02-06T19:55:35 IST" duration-ms="11829">
    <groups>
      <group name="regression">
        <method signature="TC_001_AccountregistrationTest.acRegistration()[pri:0, instance:testCases.TC_001_AccountregistrationTest@6d60fe40]" name="acRegistration" class="testCases.TC_001_AccountregistrationTest"/>
      </group> <!-- regression -->
      <group name="sanity">
        <method signature="TC_001_AccountregistrationTest.acRegistration()[pri:0, instance:testCases.TC_001_AccountregistrationTest@6d60fe40]" name="acRegistration" class="testCases.TC_001_AccountregistrationTest"/>
      </group> <!-- sanity -->
    </groups>
    <test started-at="2024-02-06T19:55:23 IST" name="Default test(failed)" finished-at="2024-02-06T19:55:35 IST" duration-ms="11829">
      <class name="testCases.TC_001_AccountregistrationTest">
        <test-method is-config="true" signature="browserSetup(java.lang.String,java.lang.String)[pri:0, instance:testCases.TC_001_AccountregistrationTest@6d60fe40]" started-at="2024-02-06T19:55:23 IST" name="browserSetup" finished-at="2024-02-06T19:55:28 IST" duration-ms="4602" status="PASS">
          <params>
            <param index="0">
              <value>
                <![CDATA[Windows]]>
              </value>
            </param>
            <param index="1">
              <value>
                <![CDATA[Chrome]]>
              </value>
            </param>
          </params>
          <reporter-output>
          </reporter-output>
        </test-method> <!-- browserSetup -->
        <test-method signature="acRegistration()[pri:0, instance:testCases.TC_001_AccountregistrationTest@6d60fe40]" started-at="2024-02-06T19:55:28 IST" name="acRegistration" finished-at="2024-02-06T19:55:35 IST" duration-ms="7109" status="PASS">
          <reporter-output>
          </reporter-output>
        </test-method> <!-- acRegistration -->
        <test-method is-config="true" signature="teardown()[pri:0, instance:testCases.TC_001_AccountregistrationTest@6d60fe40]" started-at="2024-02-06T19:55:35 IST" name="teardown" finished-at="2024-02-06T19:55:35 IST" duration-ms="90" status="PASS">
          <reporter-output>
          </reporter-output>
        </test-method> <!-- teardown -->
      </class> <!-- testCases.TC_001_AccountregistrationTest -->
    </test> <!-- Default test(failed) -->
  </suite> <!-- Failed suite [Default suite] -->
</testng-results>
